
> task-manager-pro@0.1.0 build
> next build

▲ Next.js 16.1.6 (Turbopack)
- Environments: .env.local, .env

  Creating an optimized production build ...
✓ Compiled successfully in 36.5s
  Running TypeScript ...
  Collecting page data using 7 workers ...
  Generating static pages using 7 workers (0/12) ...
  Generating static pages using 7 workers (3/12) 
  Generating static pages using 7 workers (6/12) 
  Generating static pages using 7 workers (9/12) 
✓ Generating static pages using 7 workers (12/12) in 1794.9ms
  Finalizing page optimization ...

Route (app)
┌ ○ /
├ ○ /_not-found
├ ○ /about
├ ƒ /api/auth/[...nextauth]
├ ƒ /api/auth/register
├ ƒ /api/tasks
├ ƒ /api/tasks/[id]
├ ○ /auth/signin
├ ○ /auth/signup
├ ○ /contact
├ ○ /dashboard
└ ○ /features


○  (Static)   prerendered as static content
ƒ  (Dynamic)  server-rendered on demand

